<?xml version="1.0" encoding="UTF-8"?>
<!-- Generated by org.testng.reporters.JUnitReportReporter -->
<testsuite hostname="MacBook-Pro-de-Sthefany.local" failures="0" tests="1" name="tests.Test5" time="8.125" errors="0" timestamp="2023-04-19T17:44:38 EDT" skipped="0">
  <testcase classname="tests.Test5" name="testWaitExpectedConditions" time="8.125"/>
  <system-out/>
</testsuite> <!-- tests.Test5 -->
