<?xml version="1.0" encoding="UTF-8"?>
<!-- Generated by org.testng.reporters.JUnitReportReporter -->
<testsuite hostname="MacBook-Pro-de-Sthefany.local" failures="0" tests="2" name="tests.Test3" time="5.432" errors="0" timestamp="2023-04-19T17:44:38 EDT" skipped="0">
  <testcase classname="tests.Test3" name="testDropDownChangeSelectedOption" time="2.756"/>
  <system-out/>
  <testcase classname="tests.Test3" name="testDropDownButtonDefaultOption" time="2.676"/>
  <system-out/>
</testsuite> <!-- tests.Test3 -->
