<?xml version="1.0" encoding="UTF-8"?>
<!-- Generated by org.testng.reporters.JUnitReportReporter -->
<testsuite hostname="MacBook-Pro-de-Sthefany.local" failures="0" tests="3" name="tests.Test1" time="12.073" errors="0" timestamp="2023-04-19T17:44:38 EDT" skipped="0">
  <testcase classname="tests.Test1" name="testLoginElementsInput" time="3.418"/>
  <system-out/>
  <testcase classname="tests.Test1" name="testLoginElementsExist" time="3.278"/>
  <system-out/>
  <testcase classname="tests.Test1" name="testSampleLogin" time="5.377"/>
  <system-out/>
</testsuite> <!-- tests.Test1 -->
