<?xml version="1.0" encoding="UTF-8"?>
<!-- Generated by org.testng.reporters.JUnitReportReporter -->
<testsuite hostname="MacBook-Pro-de-Sthefany.local" failures="0" tests="3" name="tests.Test2" time="8.311" errors="0" timestamp="2023-04-19T17:44:38 EDT" skipped="0">
  <testcase classname="tests.Test2" name="testSecondListItemText" time="2.986"/>
  <system-out/>
  <testcase classname="tests.Test2" name="testNumberOfItemsinListGroup" time="2.616"/>
  <system-out/>
  <testcase classname="tests.Test2" name="testSecondListItemBadgeText" time="2.709"/>
  <system-out/>
</testsuite> <!-- tests.Test2 -->
