<?xml version="1.0" encoding="UTF-8"?>
<!-- Generated by org.testng.reporters.JUnitReportReporter -->
<testsuite hostname="MacBook-Pro-de-Sthefany.local" failures="0" tests="1" name="tests.Test1" time="5.334" errors="0" timestamp="2023-04-19T18:05:08 EDT" skipped="0">
  <testcase classname="tests.Test1" name="testSampleLogin" time="5.334"/>
  <system-out/>
</testsuite> <!-- tests.Test1 -->
